<?xml version="1.0" encoding="UTF-8"?>
<testng-results ignored="0" total="2" passed="2" failed="0" skipped="0">
  <reporter-output>
  </reporter-output>
  <suite started-at="2022-03-11T11:24:45 IST" name="Default suite" finished-at="2022-03-11T11:24:55 IST" duration-ms="9759">
    <groups>
    </groups>
    <test started-at="2022-03-11T11:24:45 IST" name="Default test" finished-at="2022-03-11T11:24:55 IST" duration-ms="9759">
      <class name="com.TestNG.TestNG">
        <test-method is-config="true" signature="setUp()[pri:0, instance:com.TestNG.TestNG@5cee5251]" started-at="2022-03-11T11:24:45 IST" name="setUp" finished-at="2022-03-11T11:24:50 IST" duration-ms="4757" status="PASS">
          <reporter-output>
          </reporter-output>
        </test-method> <!-- setUp -->
        <test-method signature="verifyPageTitleTest()[pri:1, instance:com.TestNG.TestNG@5cee5251]" started-at="2022-03-11T11:24:50 IST" name="verifyPageTitleTest" finished-at="2022-03-11T11:24:50 IST" duration-ms="27" status="PASS">
          <reporter-output>
          </reporter-output>
        </test-method> <!-- verifyPageTitleTest -->
        <test-method is-config="true" signature="tearDown()[pri:0, instance:com.TestNG.TestNG@5cee5251]" started-at="2022-03-11T11:24:50 IST" name="tearDown" finished-at="2022-03-11T11:24:50 IST" duration-ms="263" status="PASS">
          <reporter-output>
          </reporter-output>
        </test-method> <!-- tearDown -->
        <test-method is-config="true" signature="setUp()[pri:0, instance:com.TestNG.TestNG@5cee5251]" started-at="2022-03-11T11:24:50 IST" name="setUp" finished-at="2022-03-11T11:24:54 IST" duration-ms="4230" status="PASS">
          <reporter-output>
          </reporter-output>
        </test-method> <!-- setUp -->
        <test-method signature="verifyFreeCRMLogoTest()[pri:2, instance:com.TestNG.TestNG@5cee5251]" started-at="2022-03-11T11:24:54 IST" name="verifyFreeCRMLogoTest" finished-at="2022-03-11T11:24:54 IST" duration-ms="182" status="PASS">
          <reporter-output>
          </reporter-output>
        </test-method> <!-- verifyFreeCRMLogoTest -->
        <test-method is-config="true" signature="tearDown()[pri:0, instance:com.TestNG.TestNG@5cee5251]" started-at="2022-03-11T11:24:54 IST" name="tearDown" finished-at="2022-03-11T11:24:55 IST" duration-ms="259" status="PASS">
          <reporter-output>
          </reporter-output>
        </test-method> <!-- tearDown -->
      </class> <!-- com.TestNG.TestNG -->
    </test> <!-- Default test -->
  </suite> <!-- Default suite -->
</testng-results>
